<?xml version="1.0" encoding="UTF-8"?>
<!-- Generated by org.testng.reporters.JUnitReportReporter -->
<testsuite hostname="LAPTOP-EPHGUT5M" failures="0" tests="5" name="Framework_TestNG.sample_1$Sample2" time="0.016" errors="0" timestamp="2022-09-28T10:54:51 IST" skipped="0">
  <testcase classname="Framework_TestNG.sample_1$Sample2" name="E" time="0.002"/>
  <system-out/>
  <testcase classname="Framework_TestNG.sample_1$Sample2" name="A" time="0.008"/>
  <system-out/>
  <testcase classname="Framework_TestNG.sample_1$Sample2" name="B" time="0.001"/>
  <system-out/>
  <testcase classname="Framework_TestNG.sample_1$Sample2" name="D" time="0.003"/>
  <system-out/>
  <testcase classname="Framework_TestNG.sample_1$Sample2" name="C" time="0.002"/>
  <system-out/>
</testsuite> <!-- Framework_TestNG.sample_1$Sample2 -->
