<?xml version="1.0" encoding="UTF-8"?>
<!-- Generated by org.testng.reporters.JUnitReportReporter -->
<testsuite hostname="LAPTOP-EPHGUT5M" failures="0" tests="6" name="Framework_INCLUDEEXCLUDE.ParallelExicution" time="18.106" errors="0" timestamp="2022-09-30T13:37:11 IST" skipped="0">
  <testcase classname="Framework_INCLUDEEXCLUDE.ParallelExicution" name="firefoxbrowser" time="2.610"/>
  <system-out/>
  <testcase classname="Framework_INCLUDEEXCLUDE.ParallelExicution" name="edgebrowser" time="3.443"/>
  <system-out/>
  <testcase classname="Framework_INCLUDEEXCLUDE.ParallelExicution" name="closeing" time="3.174"/>
  <system-out/>
  <testcase classname="Framework_INCLUDEEXCLUDE.ParallelExicution" name="chromebrowser" time="2.067"/>
  <system-out/>
  <testcase classname="Framework_INCLUDEEXCLUDE.ParallelExicution" name="closeing" time="3.654"/>
  <system-out/>
  <testcase classname="Framework_INCLUDEEXCLUDE.ParallelExicution" name="closeing" time="3.158"/>
  <system-out/>
</testsuite> <!-- Framework_INCLUDEEXCLUDE.ParallelExicution -->
