<?xml version="1.0" encoding="UTF-8"?>
<!-- Generated by org.testng.reporters.JUnitReportReporter -->
<testsuite hostname="LAPTOP-EPHGUT5M" failures="0" tests="1" name="Framework_TestNG.sample_1" time="0.006" errors="0" timestamp="2022-09-28T20:34:06 IST" skipped="0">
  <testcase classname="Framework_TestNG.sample_1" name="A" time="0.006"/>
  <system-out/>
</testsuite> <!-- Framework_TestNG.sample_1 -->
