<?xml version="1.0" encoding="UTF-8"?>
<!-- Generated by org.testng.reporters.JUnitReportReporter -->
<testsuite hostname="LAPTOP-EPHGUT5M" failures="0" tests="3" name="Framework_AssertClass.AssertEquality" time="0.018" errors="0" timestamp="2022-09-29T15:15:52 IST" skipped="0">
  <testcase classname="Framework_AssertClass.AssertEquality" name="method1" time="0.001"/>
  <system-out/>
  <testcase classname="Framework_AssertClass.AssertEquality" name="checknotnull" time="0.016"/>
  <system-out/>
  <testcase classname="Framework_AssertClass.AssertEquality" name="method" time="0.001"/>
  <system-out/>
</testsuite> <!-- Framework_AssertClass.AssertEquality -->
