<?xml version="1.0" encoding="UTF-8"?>
<!-- Generated by org.testng.reporters.JUnitReportReporter -->
<testsuite hostname="LAPTOP-EPHGUT5M" failures="0" tests="2" name="Framework_INCLUDEEXCLUDE.Includeexclude_1" time="0.010" errors="0" timestamp="2022-09-30T13:21:36 IST" skipped="1">
  <testcase classname="Framework_INCLUDEEXCLUDE.Includeexclude_1" name="method3" time="0.010"/>
  <system-out/>
  <testcase classname="Framework_INCLUDEEXCLUDE.Includeexclude_1" name="method1">
    <skipped/>
  </testcase> <!-- method1 -->
  <system-out/>
</testsuite> <!-- Framework_INCLUDEEXCLUDE.Includeexclude_1 -->
