<?xml version="1.0" encoding="UTF-8"?>
<!-- Generated by org.testng.reporters.JUnitReportReporter -->
<testsuite hostname="LAPTOP-EPHGUT5M" failures="0" tests="1" name="BroserLaunching.BrowserOpening_2" time="12.422" errors="0" timestamp="2022-10-15T19:12:05 IST" skipped="0">
  <testcase classname="BroserLaunching.BrowserOpening_2" name="frame" time="12.422"/>
  <system-out/>
</testsuite> <!-- BroserLaunching.BrowserOpening_2 -->
