<?xml version="1.0" encoding="UTF-8"?>
<!-- Generated by org.testng.reporters.JUnitReportReporter -->
<testsuite hostname="LAPTOP-EPHGUT5M" failures="0" tests="3" name="Framework_TestNG.Firstsample_1" time="0.226" errors="0" timestamp="2022-09-28T11:04:26 IST" skipped="0">
  <testcase classname="Framework_TestNG.Firstsample_1" name="enterUN" time="0.081"/>
  <system-out/>
  <testcase classname="Framework_TestNG.Firstsample_1" name="enterPW" time="0.080"/>
  <system-out/>
  <testcase classname="Framework_TestNG.Firstsample_1" name="login" time="0.065"/>
  <system-out/>
</testsuite> <!-- Framework_TestNG.Firstsample_1 -->
