<?xml version="1.0" encoding="UTF-8"?>
<!-- Generated by org.testng.reporters.JUnitReportReporter -->
<testsuite hostname="LAPTOP-EPHGUT5M" failures="0" tests="1" name="sample_1" time="0.023" errors="0" timestamp="2022-09-30T18:55:24 IST" skipped="0">
  <testcase classname="sample_1" name="A" time="0.023"/>
  <system-out/>
</testsuite> <!-- sample_1 -->
