<?xml version="1.0" encoding="UTF-8"?>
<!-- Generated by org.testng.reporters.JUnitReportReporter -->
<testsuite hostname="LAPTOP-EPHGUT5M" failures="0" tests="1" name="practice.Testclass" time="11.180" errors="0" timestamp="2022-10-03T15:43:34 IST" skipped="0">
  <testcase classname="practice.Testclass" name="brouserlaunch" time="11.180"/>
  <system-out/>
</testsuite> <!-- practice.Testclass -->
