<?xml version="1.0" encoding="UTF-8"?>
<!-- Generated by org.testng.reporters.JUnitReportReporter -->
<testsuite hostname="LAPTOP-EPHGUT5M" failures="0" tests="1" name="Framework_Compatibility.Aspirecompatibility" time="28.039" errors="0" timestamp="2022-10-08T13:11:57 IST" skipped="0">
  <testcase classname="Framework_Compatibility.Aspirecompatibility" name="browserLaunch" time="28.039"/>
  <system-out/>
</testsuite> <!-- Framework_Compatibility.Aspirecompatibility -->
