<?xml version="1.0" encoding="UTF-8"?>
<!-- Generated by org.testng.reporters.JUnitReportReporter -->
<testsuite hostname="LAPTOP-EPHGUT5M" failures="0" tests="1" name="Framework_POMpagefactory.TestLogin" time="19.003" errors="0" timestamp="2022-10-03T10:22:24 IST" skipped="0">
  <testcase classname="Framework_POMpagefactory.TestLogin" name="browseropen" time="19.003"/>
  <system-out/>
</testsuite> <!-- Framework_POMpagefactory.TestLogin -->
