<?xml version="1.0" encoding="UTF-8"?>
<!-- Generated by org.testng.reporters.JUnitReportReporter -->
<testsuite hostname="LAPTOP-EPHGUT5M" failures="0" tests="1" name="TesNG_Annotations.TestLogin" time="30.610" errors="0" timestamp="2022-10-06T14:52:02 IST" skipped="0">
  <testcase classname="TesNG_Annotations.TestLogin" name="loginpage" time="30.610"/>
  <system-out/>
</testsuite> <!-- TesNG_Annotations.TestLogin -->
