<?xml version="1.0" encoding="UTF-8"?>
<!-- Generated by org.testng.reporters.JUnitReportReporter -->
<testsuite hostname="LAPTOP-EPHGUT5M" failures="0" tests="6" name="Framework_INCLUDEEXCLUDE.ParallelExicution" time="329.477" errors="0" timestamp="2022-10-13T20:53:11 IST" skipped="0">
  <testcase classname="Framework_INCLUDEEXCLUDE.ParallelExicution" name="chromebrowser" time="7.560"/>
  <system-out/>
  <testcase classname="Framework_INCLUDEEXCLUDE.ParallelExicution" name="UrLlaunchn" time="97.021"/>
  <system-out/>
  <testcase classname="Framework_INCLUDEEXCLUDE.ParallelExicution" name="firefoxbrowser" time="12.171"/>
  <system-out/>
  <testcase classname="Framework_INCLUDEEXCLUDE.ParallelExicution" name="edgebrowser" time="9.860"/>
  <system-out/>
  <testcase classname="Framework_INCLUDEEXCLUDE.ParallelExicution" name="UrLlaunchn" time="90.308"/>
  <system-out/>
  <testcase classname="Framework_INCLUDEEXCLUDE.ParallelExicution" name="UrLlaunchn" time="112.557"/>
  <system-out/>
</testsuite> <!-- Framework_INCLUDEEXCLUDE.ParallelExicution -->
