<?xml version="1.0" encoding="UTF-8"?>
<!-- Generated by org.testng.reporters.JUnitReportReporter -->
<testsuite hostname="LAPTOP-EPHGUT5M" failures="0" tests="3" name="Firstsample_1" time="0.212" errors="0" timestamp="2022-09-30T19:10:04 IST" skipped="0">
  <testcase classname="Firstsample_1" name="enterUN" time="0.081"/>
  <system-out/>
  <testcase classname="Firstsample_1" name="enterPW" time="0.079"/>
  <system-out/>
  <testcase classname="Firstsample_1" name="login" time="0.052"/>
  <system-out/>
</testsuite> <!-- Firstsample_1 -->
