<?xml version="1.0" encoding="UTF-8"?>
<!-- Generated by org.testng.reporters.JUnitReportReporter -->
<testsuite hostname="LAPTOP-EPHGUT5M" failures="0" tests="1" name="Dummy.Testclass" time="10.424" errors="0" timestamp="2022-10-16T07:08:22 IST" skipped="0">
  <testcase classname="Dummy.Testclass" name="brouseropen" time="10.424"/>
  <system-out/>
</testsuite> <!-- Dummy.Testclass -->
