<?xml version="1.0" encoding="UTF-8"?>
<!-- Generated by org.testng.reporters.JUnitReportReporter -->
<testsuite hostname="LAPTOP-EPHGUT5M" failures="0" tests="1" name="Framework_DataDriven.TestLogin" time="62.901" errors="0" timestamp="2022-10-03T11:18:22 IST" skipped="0">
  <testcase classname="Framework_DataDriven.TestLogin" name="browseropen" time="62.901"/>
  <system-out/>
</testsuite> <!-- Framework_DataDriven.TestLogin -->
