<?xml version="1.0" encoding="UTF-8"?>
<!-- Generated by org.testng.reporters.JUnitReportReporter -->
<testsuite hostname="LAPTOP-EPHGUT5M" failures="0" tests="5" name="Framework_INCLUDEEXCLUDE.Groupes" time="0.022" errors="0" timestamp="2022-10-11T15:11:18 IST" skipped="0">
  <testcase classname="Framework_INCLUDEEXCLUDE.Groupes" name="Auto" time="0.014"/>
  <system-out/>
  <testcase classname="Framework_INCLUDEEXCLUDE.Groupes" name="login" time="0.002"/>
  <system-out/>
  <testcase classname="Framework_INCLUDEEXCLUDE.Groupes" name="IT" time="0.003"/>
  <system-out/>
  <testcase classname="Framework_INCLUDEEXCLUDE.Groupes" name="PHARMA" time="0.001"/>
  <system-out/>
  <testcase classname="Framework_INCLUDEEXCLUDE.Groupes" name="BANK" time="0.002"/>
  <system-out/>
</testsuite> <!-- Framework_INCLUDEEXCLUDE.Groupes -->
