<?xml version="1.0" encoding="UTF-8"?>
<!-- Generated by org.testng.reporters.JUnitReportReporter -->
<testsuite hostname="LAPTOP-EPHGUT5M" failures="0" tests="1" name="com.nopcom.QA.Login.TestLogin" time="46.075" errors="0" timestamp="2022-10-07T10:16:48 IST" skipped="0">
  <testcase classname="com.nopcom.QA.Login.TestLogin" name="loginpage" time="46.075"/>
  <system-out/>
</testsuite> <!-- com.nopcom.QA.Login.TestLogin -->
